<?xml version="1.0" encoding="UTF-8"?>
<coverage generated="1631161781302" clover="3.2.0">
    <project timestamp="1631161781302" name="All files">
        <metrics statements="7" coveredstatements="6" conditionals="1" coveredconditionals="0" methods="4"
                 coveredmethods="3" elements="12" coveredelements="9" complexity="0" loc="7" ncloc="7" packages="2"
                 files="2" classes="2"/>
        <package name="errors">
            <metrics statements="3" coveredstatements="2" conditionals="0" coveredconditionals="0" methods="2"
                     coveredmethods="1"/>
            <file name="error-message.factory.ts"
                  path="D:\projetos\dr.ai\dr.ai-auth-service\src\core\errors\error-message.factory.ts">
                <metrics statements="3" coveredstatements="2" conditionals="0" coveredconditionals="0" methods="2"
                         coveredmethods="1"/>
                <line num="2" count="0" type="stmt"/>
                <line num="6" count="3" type="stmt"/>
                <line num="9" count="1" type="stmt"/>
            </file>
        </package>
        <package name="value-objects.emai">
            <metrics statements="4" coveredstatements="4" conditionals="1" coveredconditionals="0" methods="2"
                     coveredmethods="2"/>
            <file name="email.ts" path="D:\projetos\dr.ai\dr.ai-auth-service\src\core\value-objects\emai\email.ts">
                <metrics statements="4" coveredstatements="4" conditionals="1" coveredconditionals="0" methods="2"
                         coveredmethods="2"/>
                <line num="16" count="2" type="stmt"/>
                <line num="17" count="2" type="stmt"/>
                <line num="21" count="3" type="stmt"/>
                <line num="22" count="3" type="stmt"/>
            </file>
        </package>
    </project>
</coverage>
