{
	"D:\\projetos\\dr.ai\\dr.ai-auth-service\\src\\core\\errors\\error-message.factory.ts": {
		"path": "D:\\projetos\\dr.ai\\dr.ai-identity-server\\src\\core\\errors\\error-message.factory.ts",
		"statementMap": {
			"0": {
				"start": {
					"line": 2,
					"column": 4
				},
				"end": {
					"line": 2,
					"column": 51
				}
			},
			"1": {
				"start": {
					"line": 6,
					"column": 4
				},
				"end": {
					"line": 6,
					"column": 86
				}
			},
			"2": {
				"start": {
					"line": 9,
					"column": 35
				},
				"end": {
					"line": 12,
					"column": 1
				}
			}
		},
		"fnMap": {
			"0": {
				"name": "required",
				"decl": {
					"start": {
						"line": 1,
						"column": 9
					},
					"end": {
						"line": 1,
						"column": 17
					}
				},
				"loc": {
					"start": {
						"line": 1,
						"column": 45
					},
					"end": {
						"line": 3,
						"column": 1
					}
				},
				"line": 1
			},
			"1": {
				"name": "maxLength",
				"decl": {
					"start": {
						"line": 5,
						"column": 9
					},
					"end": {
						"line": 5,
						"column": 18
					}
				},
				"loc": {
					"start": {
						"line": 5,
						"column": 64
					},
					"end": {
						"line": 7,
						"column": 1
					}
				},
				"line": 5
			}
		},
		"branchMap": {},
		"s": {
			"0": 0,
			"1": 3,
			"2": 1
		},
		"f": {
			"0": 0,
			"1": 3
		},
		"b": {},
		"_coverageSchema": "1a1c01bbd47fc00a2c39e90264f33305004495a9",
		"hash": "00a7fe343266f6f99d215627cc68ed0d8db0351c"
	},
	"D:\\projetos\\dr.ai\\dr.ai-auth-service\\src\\core\\value-objects\\emai\\email.ts": {
		"path": "D:\\projetos\\dr.ai\\dr.ai-identity-server\\src\\core\\value-objects\\emai\\email.ts",
		"statementMap": {
			"0": {
				"start": {
					"line": 16,
					"column": 8
				},
				"end": {
					"line": 16,
					"column": 46
				}
			},
			"1": {
				"start": {
					"line": 17,
					"column": 8
				},
				"end": {
					"line": 17,
					"column": 30
				}
			},
			"2": {
				"start": {
					"line": 21,
					"column": 30
				},
				"end": {
					"line": 21,
					"column": 34
				}
			},
			"3": {
				"start": {
					"line": 22,
					"column": 8
				},
				"end": {
					"line": 22,
					"column": 52
				}
			}
		},
		"fnMap": {
			"0": {
				"name": "(anonymous_0)",
				"decl": {
					"start": {
						"line": 11,
						"column": 4
					},
					"end": {
						"line": 11,
						"column": 5
					}
				},
				"loc": {
					"start": {
						"line": 15,
						"column": 6
					},
					"end": {
						"line": 18,
						"column": 5
					}
				},
				"line": 15
			},
			"1": {
				"name": "(anonymous_1)",
				"decl": {
					"start": {
						"line": 20,
						"column": 4
					},
					"end": {
						"line": 20,
						"column": 5
					}
				},
				"loc": {
					"start": {
						"line": 20,
						"column": 55
					},
					"end": {
						"line": 23,
						"column": 5
					}
				},
				"line": 20
			}
		},
		"branchMap": {
			"0": {
				"loc": {
					"start": {
						"line": 14,
						"column": 25
					},
					"end": {
						"line": 14,
						"column": 39
					}
				},
				"type": "default-arg",
				"locations": [
					{
						"start": {
							"line": 14,
							"column": 37
						},
						"end": {
							"line": 14,
							"column": 39
						}
					}
				],
				"line": 14
			}
		},
		"s": {
			"0": 2,
			"1": 2,
			"2": 3,
			"3": 3
		},
		"f": {
			"0": 2,
			"1": 3
		},
		"b": {
			"0": [
				0
			]
		},
		"_coverageSchema": "1a1c01bbd47fc00a2c39e90264f33305004495a9",
		"hash": "71df66abca3dec8b89ec1336d48fdf4a65b4c235"
	}
}
